This is pdfTeX, Version 3.14159265-2.6-1.40.17 (MiKTeX 2.9 64-bit) (preloaded format=pdflatex 2016.9.24)  11 MAR 2019 11:43
entering extended mode
**./ABM_Ethnocentrism_Intergroup_Cooperation.tex
(ABM_Ethnocentrism_Intergroup_Cooperation.tex
LaTeX2e <2016/03/31> patch level 3
Babel <3.9r> and hyphenation patterns for 75 language(s) loaded.

LaTeX Warning: File `example.eps' already exists on the system.
               Not generating it from this source.

("C:\Program Files\MiKTeX 2.9\tex\latex\base\fix-cm.sty"
Package: fix-cm 2015/01/14 v1.1t fixes to LaTeX

("C:\Program Files\MiKTeX 2.9\tex\latex\base\ts1enc.def"
File: ts1enc.def 2001/06/05 v3.0e (jk/car/fm) Standard LaTeX file
)) (svjour3.cls
Document Class: svjour3 2007/05/08 v3.2 
LaTeX document class for Springer journals
Class Springer-SVJour3 Info: extra/valid Springer sub-package (-> *.clo) 
(Springer-SVJour3)           not found in option list of \documentclass
(Springer-SVJour3)           - autoactivating "global" style.
(svglov3.clo
File: svglov3.clo 2009/12/18 v3.2 style option for standardised journals

SVJour Class option: svglov3.clo for standardised journals
)
LaTeX Font Info:    Redeclaring math symbol \Gamma on input line 147.
LaTeX Font Info:    Redeclaring math symbol \Delta on input line 148.
LaTeX Font Info:    Redeclaring math symbol \Theta on input line 149.
LaTeX Font Info:    Redeclaring math symbol \Lambda on input line 150.
LaTeX Font Info:    Redeclaring math symbol \Xi on input line 151.
LaTeX Font Info:    Redeclaring math symbol \Pi on input line 152.
LaTeX Font Info:    Redeclaring math symbol \Sigma on input line 153.
LaTeX Font Info:    Redeclaring math symbol \Upsilon on input line 154.
LaTeX Font Info:    Redeclaring math symbol \Phi on input line 155.
LaTeX Font Info:    Redeclaring math symbol \Psi on input line 156.
LaTeX Font Info:    Redeclaring math symbol \Omega on input line 157.
\logodepth=\dimen102
\headerboxheight=\dimen103
\betweenumberspace=\dimen104
\aftertext=\dimen105
\headlineindent=\dimen106
\c@inst=\count79
\c@auth=\count80
\instindent=\dimen107
\authrun=\box26
\authorrunning=\toks14
\titrun=\box27
\titlerunning=\toks15
\combirun=\box28
\c@lastpage=\count81
\rubricwidth=\dimen108
\c@section=\count82
\c@subsection=\count83
\c@subsubsection=\count84
\c@paragraph=\count85
\c@subparagraph=\count86
\spthmsep=\dimen109
\c@theorem=\count87
\c@case=\count88
\c@conjecture=\count89
\c@corollary=\count90
\c@definition=\count91
\c@example=\count92
\c@exercise=\count93
\c@lemma=\count94
\c@note=\count95
\c@problem=\count96
\c@property=\count97
\c@proposition=\count98
\c@question=\count99
\c@solution=\count100
\c@remark=\count101
\c@figure=\count102
\c@table=\count103
\abovecaptionskip=\skip41
\belowcaptionskip=\skip42
\figcapgap=\dimen110
\tabcapgap=\dimen111
\figgap=\dimen112
\bibindent=\dimen113
\@tempcntc=\count104
) ("C:\Program Files\MiKTeX 2.9\tex\latex\graphics\graphicx.sty"
Package: graphicx 2014/10/28 v1.0g Enhanced LaTeX Graphics (DPC,SPQR)

("C:\Program Files\MiKTeX 2.9\tex\latex\graphics\keyval.sty"
Package: keyval 2014/10/28 v1.15 key=value parser (DPC)
\KV@toks@=\toks16
)
("C:\Program Files\MiKTeX 2.9\tex\latex\graphics\graphics.sty"
Package: graphics 2016/07/10 v1.0t Standard LaTeX Graphics (DPC,SPQR)

("C:\Program Files\MiKTeX 2.9\tex\latex\graphics\trig.sty"
Package: trig 2016/01/03 v1.10 sin cos tan (DPC)
)
("C:\Program Files\MiKTeX 2.9\tex\latex\00miktex\graphics.cfg"
File: graphics.cfg 2016/06/04 v1.11 sample graphics configuration
)
Package graphics Info: Driver file: pdftex.def on input line 99.

("C:\Program Files\MiKTeX 2.9\tex\latex\graphics-def\pdftex.def"
File: pdftex.def 2016/07/10 v0.06j Graphics/color for pdfTeX

("C:\Program Files\MiKTeX 2.9\tex\generic\oberdiek\infwarerr.sty"
Package: infwarerr 2016/05/16 v1.4 Providing info/warning/error messages (HO)
)
("C:\Program Files\MiKTeX 2.9\tex\generic\oberdiek\ltxcmds.sty"
Package: ltxcmds 2016/05/16 v1.23 LaTeX kernel commands for general use (HO)
)
\Gread@gobject=\count105
))
\Gin@req@height=\dimen114
\Gin@req@width=\dimen115
)
("C:\Program Files\MiKTeX 2.9\tex\latex\psnfss\mathptmx.sty"
Package: mathptmx 2005/04/12 PSNFSS-v9.2a Times w/ Math, improved (SPQR, WaS) 
LaTeX Font Info:    Redeclaring symbol font `operators' on input line 28.
LaTeX Font Info:    Overwriting symbol font `operators' in version `normal'
(Font)                  OT1/cmr/m/n --> OT1/ztmcm/m/n on input line 28.
LaTeX Font Info:    Overwriting symbol font `operators' in version `bold'
(Font)                  OT1/cmr/bx/n --> OT1/ztmcm/m/n on input line 28.
LaTeX Font Info:    Redeclaring symbol font `letters' on input line 29.
LaTeX Font Info:    Overwriting symbol font `letters' in version `normal'
(Font)                  OML/cmm/m/it --> OML/ztmcm/m/it on input line 29.
LaTeX Font Info:    Overwriting symbol font `letters' in version `bold'
(Font)                  OML/cmm/b/it --> OML/ztmcm/m/it on input line 29.
LaTeX Font Info:    Redeclaring symbol font `symbols' on input line 30.
LaTeX Font Info:    Overwriting symbol font `symbols' in version `normal'
(Font)                  OMS/cmsy/m/n --> OMS/ztmcm/m/n on input line 30.
LaTeX Font Info:    Overwriting symbol font `symbols' in version `bold'
(Font)                  OMS/cmsy/b/n --> OMS/ztmcm/m/n on input line 30.
LaTeX Font Info:    Redeclaring symbol font `largesymbols' on input line 31.
LaTeX Font Info:    Overwriting symbol font `largesymbols' in version `normal'
(Font)                  OMX/cmex/m/n --> OMX/ztmcm/m/n on input line 31.
LaTeX Font Info:    Overwriting symbol font `largesymbols' in version `bold'
(Font)                  OMX/cmex/m/n --> OMX/ztmcm/m/n on input line 31.
\symbold=\mathgroup4
\symitalic=\mathgroup5
LaTeX Font Info:    Redeclaring math alphabet \mathbf on input line 34.
LaTeX Font Info:    Overwriting math alphabet `\mathbf' in version `normal'
(Font)                  OT1/cmr/bx/n --> OT1/ptm/bx/n on input line 34.
LaTeX Font Info:    Overwriting math alphabet `\mathbf' in version `bold'
(Font)                  OT1/cmr/bx/n --> OT1/ptm/bx/n on input line 34.
LaTeX Font Info:    Redeclaring math alphabet \mathit on input line 35.
LaTeX Font Info:    Overwriting math alphabet `\mathit' in version `normal'
(Font)                  OT1/cmr/m/it --> OT1/ptm/m/it on input line 35.
LaTeX Font Info:    Overwriting math alphabet `\mathit' in version `bold'
(Font)                  OT1/cmr/bx/it --> OT1/ptm/m/it on input line 35.
LaTeX Info: Redefining \hbar on input line 50.
)
(C:\Users\carlosl\AppData\Roaming\MiKTeX\2.9\tex\latex\adjustbox\adjustbox.sty
Package: adjustbox 2012/05/21 v1.0 Adjusting TeX boxes (trim, clip, ...)

("C:\Program Files\MiKTeX 2.9\tex\latex\xkeyval\xkeyval.sty"
Package: xkeyval 2014/12/03 v2.7a package option processing (HA)

("C:\Program Files\MiKTeX 2.9\tex\generic\xkeyval\xkeyval.tex"
("C:\Program Files\MiKTeX 2.9\tex\generic\xkeyval\xkvutils.tex"
\XKV@toks=\toks17
\XKV@tempa@toks=\toks18
)
\XKV@depth=\count106
File: xkeyval.tex 2014/12/03 v2.7a key=value parser (HA)
))
(C:\Users\carlosl\AppData\Roaming\MiKTeX\2.9\tex\latex\adjustbox\adjcalc.sty
Package: adjcalc 2012/05/16 v1.1 Provides advanced setlength with multiple back
-ends (calc, etex, pgfmath)
)
(C:\Users\carlosl\AppData\Roaming\MiKTeX\2.9\tex\latex\adjustbox\trimclip.sty
Package: trimclip 2012/05/16 v1.0 Trim and clip general TeX material

(C:\Users\carlosl\AppData\Roaming\MiKTeX\2.9\tex\latex\collectbox\collectbox.st
y
Package: collectbox 2012/05/17 v0.4b Collect macro arguments as boxes
\collectedbox=\box29
)
\tc@llx=\dimen116
\tc@lly=\dimen117
\tc@urx=\dimen118
\tc@ury=\dimen119
Package trimclip Info: Using driver 'tc-pdftex.def'.

(C:\Users\carlosl\AppData\Roaming\MiKTeX\2.9\tex\latex\adjustbox\tc-pdftex.def
File: tc-pdftex.def 2012/05/13 v1.0 Clipping driver for pdftex
))
\adjbox@Width=\dimen120
\adjbox@Height=\dimen121
\adjbox@Depth=\dimen122
\adjbox@Totalheight=\dimen123

(C:\Users\carlosl\AppData\Roaming\MiKTeX\2.9\tex\latex\ifoddpage\ifoddpage.sty
Package: ifoddpage 2016/04/23 v1.1 Conditionals for odd/even page detection
\c@checkoddpage=\count107
) ("C:\Program Files\MiKTeX 2.9\tex\latex\ltxmisc\varwidth.sty"
Package: varwidth 2009/03/30 ver 0.92;  Variable-width minipages
\@vwid@box=\box30
\sift@deathcycles=\count108
\@vwid@loff=\dimen124
\@vwid@roff=\dimen125
))
("C:\Program Files\MiKTeX 2.9\tex\latex\amsfonts\amssymb.sty"
Package: amssymb 2013/01/14 v3.01 AMS font symbols

("C:\Program Files\MiKTeX 2.9\tex\latex\amsfonts\amsfonts.sty"
Package: amsfonts 2013/01/14 v3.01 Basic AMSFonts support
\@emptytoks=\toks19
\symAMSa=\mathgroup6
\symAMSb=\mathgroup7
LaTeX Font Info:    Overwriting math alphabet `\mathfrak' in version `bold'
(Font)                  U/euf/m/n --> U/euf/b/n on input line 106.
))
(C:\Users\carlosl\AppData\Roaming\MiKTeX\2.9\tex\latex\newtx\newtxmath.sty
Package: newtxmath 2017/05/31 v1.524

`newtxmath' v1.524, 2017/05/31 Math macros based on txfonts (msharpe)
("C:\Program Files\MiKTeX 2.9\tex\latex\amsmath\amsmath.sty"
Package: amsmath 2016/06/28 v2.15d AMS math features
\@mathmargin=\skip43

For additional information on amsmath, use the `?' option.
("C:\Program Files\MiKTeX 2.9\tex\latex\amsmath\amstext.sty"
Package: amstext 2000/06/29 v2.01 AMS text

("C:\Program Files\MiKTeX 2.9\tex\latex\amsmath\amsgen.sty"
File: amsgen.sty 1999/11/30 v2.0 generic functions
\@emptytoks=\toks20
\ex@=\dimen126
))
("C:\Program Files\MiKTeX 2.9\tex\latex\amsmath\amsbsy.sty"
Package: amsbsy 1999/11/29 v1.2d Bold Symbols
\pmbraise@=\dimen127
)
("C:\Program Files\MiKTeX 2.9\tex\latex\amsmath\amsopn.sty"
Package: amsopn 2016/03/08 v2.02 operator names
)
\inf@bad=\count109
LaTeX Info: Redefining \frac on input line 199.
\uproot@=\count110
\leftroot@=\count111
LaTeX Info: Redefining \overline on input line 297.
\classnum@=\count112
\DOTSCASE@=\count113
LaTeX Info: Redefining \ldots on input line 394.
LaTeX Info: Redefining \dots on input line 397.
LaTeX Info: Redefining \cdots on input line 518.
\Mathstrutbox@=\box31
\strutbox@=\box32
\big@size=\dimen128
LaTeX Font Info:    Redeclaring font encoding OML on input line 634.
LaTeX Font Info:    Redeclaring font encoding OMS on input line 635.


Package amsmath Warning: Unable to redefine math accent \vec.

\macc@depth=\count114
\c@MaxMatrixCols=\count115
\dotsspace@=\muskip10
\c@parentequation=\count116
\dspbrk@lvl=\count117
\tag@help=\toks21
\row@=\count118
\column@=\count119
\maxfields@=\count120
\andhelp@=\toks22
\eqnshift@=\dimen129
\alignsep@=\dimen130
\tagshift@=\dimen131
\tagwidth@=\dimen132
\totwidth@=\dimen133
\lineht@=\dimen134
\@envbody=\toks23
\multlinegap=\skip44
\multlinetaggap=\skip45
\mathdisplay@stack=\toks24
LaTeX Info: Redefining \[ on input line 2739.
LaTeX Info: Redefining \] on input line 2740.
) ("C:\Program Files\MiKTeX 2.9\tex\generic\ifxetex\ifxetex.sty"
Package: ifxetex 2010/09/12 v0.6 Provides ifxetex conditional
)
("C:\Program Files\MiKTeX 2.9\tex\generic\oberdiek\ifluatex.sty"
Package: ifluatex 2016/05/16 v1.4 Provides the ifluatex switch (HO)
Package ifluatex Info: LuaTeX not detected.
)
(C:\Users\carlosl\AppData\Roaming\MiKTeX\2.9\tex\generic\binhex\binhex.tex)
\tx@Isdigit=\count121
LaTeX Font Info:    Redeclaring symbol font `operators' on input line 153.
LaTeX Font Info:    Overwriting symbol font `operators' in version `normal'
(Font)                  OT1/ztmcm/m/n --> OT1/ntxtlf/m/n on input line 153.
LaTeX Font Info:    Overwriting symbol font `operators' in version `bold'
(Font)                  OT1/ztmcm/m/n --> OT1/ntxtlf/m/n on input line 153.
LaTeX Font Info:    Overwriting symbol font `operators' in version `bold'
(Font)                  OT1/ntxtlf/m/n --> OT1/ntxtlf/b/n on input line 154.
LaTeX Font Info:    Redeclaring math alphabet \mathsf on input line 160.
LaTeX Font Info:    Overwriting math alphabet `\mathsf' in version `normal'
(Font)                  OT1/cmss/m/n --> OT1/cmss/m/n on input line 160.
LaTeX Font Info:    Overwriting math alphabet `\mathsf' in version `bold'
(Font)                  OT1/cmss/bx/n --> OT1/cmss/m/n on input line 160.
LaTeX Font Info:    Redeclaring math alphabet \mathit on input line 161.
LaTeX Font Info:    Overwriting math alphabet `\mathit' in version `normal'
(Font)                  OT1/ptm/m/it --> OT1/ntxtlf/m/it on input line 161.
LaTeX Font Info:    Overwriting math alphabet `\mathit' in version `bold'
(Font)                  OT1/ptm/m/it --> OT1/ntxtlf/m/it on input line 161.
LaTeX Font Info:    Redeclaring math alphabet \mathtt on input line 162.
LaTeX Font Info:    Overwriting math alphabet `\mathtt' in version `normal'
(Font)                  OT1/cmtt/m/n --> OT1/cmtt/m/n on input line 162.
LaTeX Font Info:    Overwriting math alphabet `\mathtt' in version `bold'
(Font)                  OT1/cmtt/m/n --> OT1/cmtt/m/n on input line 162.
LaTeX Font Info:    Redeclaring math alphabet \mathbf on input line 164.
LaTeX Font Info:    Overwriting math alphabet `\mathbf' in version `normal'
(Font)                  OT1/ptm/bx/n --> OT1/ntxtlf/b/n on input line 164.
LaTeX Font Info:    Overwriting math alphabet `\mathbf' in version `bold'
(Font)                  OT1/ptm/bx/n --> OT1/ntxtlf/b/n on input line 164.
LaTeX Font Info:    Overwriting math alphabet `\mathit' in version `bold'
(Font)                  OT1/ntxtlf/m/it --> OT1/ntxtlf/b/it on input line 165.
LaTeX Font Info:    Overwriting math alphabet `\mathsf' in version `bold'
(Font)                  OT1/cmss/m/n --> OT1/cmss/b/n on input line 166.
LaTeX Font Info:    Overwriting math alphabet `\mathtt' in version `bold'
(Font)                  OT1/cmtt/m/n --> OT1/cmtt/b/n on input line 167.
LaTeX Font Info:    Redeclaring symbol font `letters' on input line 218.
LaTeX Font Info:    Overwriting symbol font `letters' in version `normal'
(Font)                  OML/ztmcm/m/it --> OML/ntxmi/m/it on input line 218.
LaTeX Font Info:    Overwriting symbol font `letters' in version `bold'
(Font)                  OML/ztmcm/m/it --> OML/ntxmi/m/it on input line 218.
LaTeX Font Info:    Overwriting symbol font `letters' in version `bold'
(Font)                  OML/ntxmi/m/it --> OML/ntxmi/b/it on input line 219.
\symlettersA=\mathgroup8
LaTeX Font Info:    Overwriting symbol font `lettersA' in version `bold'
(Font)                  U/ntxmia/m/it --> U/ntxmia/b/it on input line 235.
LaTeX Font Info:    Redeclaring math alphabet \mathfrak on input line 237.
LaTeX Font Info:    Redeclaring symbol font `symbols' on input line 256.
LaTeX Font Info:    Encoding `OMS' has changed to `LMS' for symbol font
(Font)              `symbols' in the math version `normal' on input line 256.
LaTeX Font Info:    Overwriting symbol font `symbols' in version `normal'
(Font)                  OMS/ztmcm/m/n --> LMS/ntxsy/m/n on input line 256.
LaTeX Font Info:    Encoding `OMS' has changed to `LMS' for symbol font
(Font)              `symbols' in the math version `bold' on input line 256.
LaTeX Font Info:    Overwriting symbol font `symbols' in version `bold'
(Font)                  OMS/ztmcm/m/n --> LMS/ntxsy/m/n on input line 256.
LaTeX Font Info:    Overwriting symbol font `symbols' in version `bold'
(Font)                  LMS/ntxsy/m/n --> LMS/ntxsy/b/n on input line 257.
\symAMSm=\mathgroup9
LaTeX Font Info:    Overwriting symbol font `AMSm' in version `bold'
(Font)                  U/ntxsym/m/n --> U/ntxsym/b/n on input line 280.
\symsymbolsC=\mathgroup10
LaTeX Font Info:    Overwriting symbol font `symbolsC' in version `bold'
(Font)                  U/ntxsyc/m/n --> U/ntxsyc/b/n on input line 301.
LaTeX Font Info:    Redeclaring symbol font `largesymbols' on input line 314.
LaTeX Font Info:    Encoding `OMX' has changed to `LMX' for symbol font
(Font)              `largesymbols' in the math version `normal' on input line 3
14.
LaTeX Font Info:    Overwriting symbol font `largesymbols' in version `normal'
(Font)                  OMX/ztmcm/m/n --> LMX/ntxexx/m/n on input line 314.
LaTeX Font Info:    Encoding `OMX' has changed to `LMX' for symbol font
(Font)              `largesymbols' in the math version `bold' on input line 314
.
LaTeX Font Info:    Overwriting symbol font `largesymbols' in version `bold'
(Font)                  OMX/ztmcm/m/n --> LMX/ntxexx/m/n on input line 314.
LaTeX Font Info:    Overwriting symbol font `largesymbols' in version `bold'
(Font)                  LMX/ntxexx/m/n --> LMX/ntxexx/b/n on input line 315.
\symlargesymbolsTXA=\mathgroup11
LaTeX Font Info:    Overwriting symbol font `largesymbolsTXA' in version `bold'

(Font)                  U/ntxexa/m/n --> U/ntxexa/b/n on input line 329.
LaTeX Font Info:    Redeclaring math delimiter \lgroup on input line 500.
LaTeX Font Info:    Redeclaring math delimiter \rgroup on input line 501.
LaTeX Font Info:    Redeclaring math delimiter \lmoustache on input line 502.
LaTeX Font Info:    Redeclaring math delimiter \rmoustache on input line 503.
LaTeX Font Info:    Redeclaring math delimiter \lfloor on input line 509.
LaTeX Font Info:    Redeclaring math delimiter \rfloor on input line 510.
LaTeX Font Info:    Redeclaring math delimiter \lceil on input line 511.
LaTeX Font Info:    Redeclaring math delimiter \rceil on input line 512.
LaTeX Font Info:    Redeclaring math delimiter \lbrace on input line 513.
LaTeX Font Info:    Redeclaring math delimiter \rbrace on input line 514.
LaTeX Font Info:    Redeclaring math delimiter \langle on input line 515.
LaTeX Font Info:    Redeclaring math delimiter \rangle on input line 517.
LaTeX Font Info:    Redeclaring math symbol \mid on input line 519.
LaTeX Font Info:    Redeclaring math delimiter \arrowvert on input line 521.
LaTeX Font Info:    Redeclaring math delimiter \vert on input line 522.
LaTeX Font Info:    Redeclaring math symbol \parallel on input line 523.
LaTeX Font Info:    Redeclaring math delimiter \Arrowvert on input line 524.
LaTeX Font Info:    Redeclaring math delimiter \Vert on input line 525.
LaTeX Font Info:    Redeclaring math delimiter \updownarrow on input line 527.
LaTeX Font Info:    Redeclaring math delimiter \Updownarrow on input line 528.
LaTeX Font Info:    Redeclaring math delimiter \lvert on input line 533.
LaTeX Font Info:    Redeclaring math delimiter \rvert on input line 534.
LaTeX Font Info:    Redeclaring math delimiter \lVert on input line 535.
LaTeX Font Info:    Redeclaring math delimiter \rVert on input line 536.
LaTeX Info: Redefining \not on input line 2100.
)
(ABM_Ethnocentrism_Intergroup_Cooperation.aux)
\openout1 = `ABM_Ethnocentrism_Intergroup_Cooperation.aux'.

LaTeX Font Info:    Checking defaults for OML/ntxmi/m/it on input line 68.
LaTeX Font Info:    Try loading font information for OML+ntxmi on input line 68
.

(C:\Users\carlosl\AppData\Roaming\MiKTeX\2.9\tex\latex\newtx\omlntxmi.fd
File: omlntxmi.fd 2015/08/25 Fontinst v1.933 font definitions for OML/ntxmi.
)
LaTeX Font Info:    ... okay on input line 68.
LaTeX Font Info:    Checking defaults for T1/cmr/m/n on input line 68.
LaTeX Font Info:    ... okay on input line 68.
LaTeX Font Info:    Checking defaults for OT1/cmr/m/n on input line 68.
LaTeX Font Info:    ... okay on input line 68.
LaTeX Font Info:    Checking defaults for OMS/cmsy/m/n on input line 68.
LaTeX Font Info:    ... okay on input line 68.
LaTeX Font Info:    Checking defaults for OMX/cmex/m/n on input line 68.
LaTeX Font Info:    ... okay on input line 68.
LaTeX Font Info:    Checking defaults for U/ntxexa/m/n on input line 68.
LaTeX Font Info:    Try loading font information for U+ntxexa on input line 68.


(C:\Users\carlosl\AppData\Roaming\MiKTeX\2.9\tex\latex\newtx\untxexa.fd
File: untxexa.fd 2012/04/16 Fontinst v1.933 font definitions for U/ntxexa.
)
LaTeX Font Info:    ... okay on input line 68.
LaTeX Font Info:    Checking defaults for TS1/cmr/m/n on input line 68.
LaTeX Font Info:    ... okay on input line 68.
LaTeX Font Info:    Checking defaults for LMS/ntxsy/m/n on input line 68.
LaTeX Font Info:    Try loading font information for LMS+ntxsy on input line 68
.

(C:\Users\carlosl\AppData\Roaming\MiKTeX\2.9\tex\latex\newtx\lmsntxsy.fd
File: lmsntxsy.fd 2016/07/02 Fontinst v1.933 font definitions for LMS/ntxsy.
)
LaTeX Font Info:    ... okay on input line 68.
LaTeX Font Info:    Checking defaults for LMX/ntxexx/m/n on input line 68.
LaTeX Font Info:    Try loading font information for LMX+ntxexx on input line 6
8.

(C:\Users\carlosl\AppData\Roaming\MiKTeX\2.9\tex\latex\newtx\lmxntxexx.fd
File: lmxntxexx.fd 2016/07/03 Fontinst v1.933 font definitions for LMX/ntxexx.
)
LaTeX Font Info:    ... okay on input line 68.
LaTeX Font Info:    Try loading font information for OT1+ptm on input line 68.

("C:\Program Files\MiKTeX 2.9\tex\latex\psnfss\ot1ptm.fd"
File: ot1ptm.fd 2001/06/04 font definitions for OT1/ptm.
)
(C:\Users\carlosl\AppData\Roaming\MiKTeX\2.9\tex\context\base\supp-pdf.mkii
[Loading MPS to PDF converter (version 2006.09.02).]
\scratchcounter=\count122
\scratchdimen=\dimen135
\scratchbox=\box33
\nofMPsegments=\count123
\nofMParguments=\count124
\everyMPshowfont=\toks25
\MPscratchCnt=\count125
\MPscratchDim=\dimen136
\MPnumerator=\count126
\makeMPintoPDFobject=\count127
\everyMPtoPDFconversion=\toks26
) ("C:\Program Files\MiKTeX 2.9\tex\generic\oberdiek\pdftexcmds.sty"
Package: pdftexcmds 2016/05/21 v0.22 Utility functions of pdfTeX for LuaTeX (HO
)

("C:\Program Files\MiKTeX 2.9\tex\generic\oberdiek\ifpdf.sty"
Package: ifpdf 2016/05/14 v3.1 Provides the ifpdf switch
)
Package pdftexcmds Info: LuaTeX not detected.
Package pdftexcmds Info: \pdf@primitive is available.
Package pdftexcmds Info: \pdf@ifprimitive is available.
Package pdftexcmds Info: \pdfdraftmode found.
)
("C:\Program Files\MiKTeX 2.9\tex\latex\oberdiek\epstopdf-base.sty"
Package: epstopdf-base 2016/05/15 v2.6 Base part for package epstopdf

("C:\Program Files\MiKTeX 2.9\tex\latex\oberdiek\grfext.sty"
Package: grfext 2016/05/16 v1.2 Manage graphics extensions (HO)

("C:\Program Files\MiKTeX 2.9\tex\generic\oberdiek\kvdefinekeys.sty"
Package: kvdefinekeys 2016/05/16 v1.4 Define keys (HO)
))
("C:\Program Files\MiKTeX 2.9\tex\latex\oberdiek\kvoptions.sty"
Package: kvoptions 2016/05/16 v3.12 Key value format for package options (HO)

("C:\Program Files\MiKTeX 2.9\tex\generic\oberdiek\kvsetkeys.sty"
Package: kvsetkeys 2016/05/16 v1.17 Key value parser (HO)

("C:\Program Files\MiKTeX 2.9\tex\generic\oberdiek\etexcmds.sty"
Package: etexcmds 2016/05/16 v1.6 Avoid name clashes with e-TeX commands (HO)
Package etexcmds Info: Could not find \expanded.
(etexcmds)             That can mean that you are not using pdfTeX 1.50 or
(etexcmds)             that some package has redefined \expanded.
(etexcmds)             In the latter case, load this package earlier.
)))
Package epstopdf-base Info: Redefining graphics rule for `.eps' on input line 4
38.
Package grfext Info: Graphics extension search list:
(grfext)             [.png,.pdf,.jpg,.mps,.jpeg,.jbig2,.jb2,.PNG,.PDF,.JPG,.JPE
G,.JBIG2,.JB2,.eps]
(grfext)             \AppendGraphicsExtensions on input line 456.
)
LaTeX Font Info:    Font shape `OT1/ptm/bx/n' in size <9.5> not available
(Font)              Font shape `OT1/ptm/b/n' tried instead on input line 102.
LaTeX Font Info:    Font shape `OT1/ptm/bx/n' in size <13> not available
(Font)              Font shape `OT1/ptm/b/n' tried instead on input line 102.


Package mathptmx Warning: There are no bold math fonts on input line 102.

LaTeX Font Info:    Calculating math sizes for size <9.5> on input line 102.
LaTeX Font Info:    Try loading font information for OT1+ntxtlf on input line 1
02.
(C:\Users\carlosl\AppData\Roaming\MiKTeX\2.9\tex\latex\newtx\ot1ntxtlf.fd
File: ot1ntxtlf.fd 2015/01/17 v1.0 font definition file for OT1/ntx/tlf
)
LaTeX Font Info:    Font shape `OT1/ptm/bx/n' in size <6.93495> not available
(Font)              Font shape `OT1/ptm/b/n' tried instead on input line 102.
LaTeX Font Info:    Font shape `OT1/ptm/bx/n' in size <5.22502> not available
(Font)              Font shape `OT1/ptm/b/n' tried instead on input line 102.
LaTeX Font Info:    Try loading font information for U+ntxmia on input line 102
.

(C:\Users\carlosl\AppData\Roaming\MiKTeX\2.9\tex\latex\newtx\untxmia.fd
File: untxmia.fd 2016/01/31 Fontinst v1.933 font definitions for U/ntxmia.
)
LaTeX Font Info:    Try loading font information for U+ntxsym on input line 102
.

(C:\Users\carlosl\AppData\Roaming\MiKTeX\2.9\tex\latex\newtx\untxsym.fd
File: untxsym.fd 2015/03/20 Fontinst v1.933 font definitions for U/ntxsym.
)
LaTeX Font Info:    Try loading font information for U+ntxsyc on input line 102
.

(C:\Users\carlosl\AppData\Roaming\MiKTeX\2.9\tex\latex\newtx\untxsyc.fd
File: untxsyc.fd 2012/04/12 Fontinst v1.933 font definitions for U/ntxsyc.
)
LaTeX Font Info:    Font shape `OT1/ptm/bx/n' in size <8> not available
(Font)              Font shape `OT1/ptm/b/n' tried instead on input line 102.
LaTeX Font Info:    Font shape `OT1/ptm/bx/n' in size <6.2> not available
(Font)              Font shape `OT1/ptm/b/n' tried instead on input line 102.
LaTeX Font Info:    Font shape `OT1/ptm/bx/n' in size <5.5> not available
(Font)              Font shape `OT1/ptm/b/n' tried instead on input line 102.

[1{C:/Users/carlosl/AppData/Local/MiKTeX/2.9/pdftex/config/pdftex.map}]
[2] [3]
Overfull \hbox (4.32552pt too wide) in paragraph at lines 153--169
 [][] 
 []

[4]
Overfull \hbox (6.63614pt too wide) in paragraph at lines 178--205
 [][] 
 []

Package epstopdf Info: Source file: <figures/InteractionBarrier.eps>
(epstopdf)                    date: 2018-06-04 09:26:18
(epstopdf)                    size: 90952 bytes
(epstopdf)             Output file: <figures/InteractionBarrier-eps-converted-t
o.pdf>
(epstopdf)                    date: 2018-06-04 09:27:08
(epstopdf)                    size: 83684 bytes
(epstopdf)             Command: <epstopdf --outfile=figures/InteractionBarrier-
eps-converted-to.pdf figures/InteractionBarrier.eps>
(epstopdf)             \includegraphics on input line 234.
Package epstopdf Info: Output file is already uptodate.

<figures/InteractionBarrier-eps-converted-to.pdf, id=22, 1919.17pt x 1099.10625
pt>
File: figures/InteractionBarrier-eps-converted-to.pdf Graphic file (type pdf)
 <use figures/InteractionBarrier-eps-converted-to.pdf>
Package pdftex.def Info: figures/InteractionBarrier-eps-converted-to.pdf used o
n input line 234.
(pdftex.def)             Requested size: 347.0pt x 198.71945pt.
 [5] [6]
Package epstopdf Info: Source file: <figures/StrategyUpdate.eps>
(epstopdf)                    date: 2018-05-09 15:52:34
(epstopdf)                    size: 77888 bytes
(epstopdf)             Output file: <figures/StrategyUpdate-eps-converted-to.pd
f>
(epstopdf)                    date: 2018-05-09 16:00:40
(epstopdf)                    size: 67770 bytes
(epstopdf)             Command: <epstopdf --outfile=figures/StrategyUpdate-eps-
converted-to.pdf figures/StrategyUpdate.eps>
(epstopdf)             \includegraphics on input line 254.
Package epstopdf Info: Output file is already uptodate.

<figures/StrategyUpdate-eps-converted-to.pdf, id=35, 1413.28pt x 1061.9675pt>
File: figures/StrategyUpdate-eps-converted-to.pdf Graphic file (type pdf)

<use figures/StrategyUpdate-eps-converted-to.pdf>
Package pdftex.def Info: figures/StrategyUpdate-eps-converted-to.pdf used on in
put line 254.
(pdftex.def)             Requested size: 294.95212pt x 221.62619pt.
 [7 <./figures/InteractionBarrier-eps-converted-to.pdf>]
Package epstopdf Info: Source file: <figures/StructuralUpdate.eps>
(epstopdf)                    date: 2018-05-09 16:00:12
(epstopdf)                    size: 74704 bytes
(epstopdf)             Output file: <figures/StructuralUpdate-eps-converted-to.
pdf>
(epstopdf)                    date: 2018-05-09 16:00:42
(epstopdf)                    size: 61405 bytes
(epstopdf)             Command: <epstopdf --outfile=figures/StructuralUpdate-ep
s-converted-to.pdf figures/StructuralUpdate.eps>
(epstopdf)             \includegraphics on input line 269.
Package epstopdf Info: Output file is already uptodate.

<figures/StructuralUpdate-eps-converted-to.pdf, id=44, 1191.45125pt x 1040.8887
5pt>
File: figures/StructuralUpdate-eps-converted-to.pdf Graphic file (type pdf)
 <use figures/StructuralUpdate-eps-converted-to.pdf>
Package pdftex.def Info: figures/StructuralUpdate-eps-converted-to.pdf used on 
input line 269.
(pdftex.def)             Requested size: 260.25pt x 227.36032pt.
 [8 <./figures/StrategyUpdate-eps-converted-to.pdf>]
Overfull \hbox (0.25858pt too wide) in paragraph at lines 283--284
[]\OT1/ptm/m/n/9.5 The ini-tial strate-gies are as-signed as fol-lows. For each
 agent, the at-tributes \OT1/cmtt/m/n/9.5 strategyOwn
 []

[9 <./figures/StructuralUpdate-eps-converted-to.pdf>]
Overfull \hbox (19.87709pt too wide) in paragraph at lines 310--334
\OT1/ptm/m/n/9.5 and co-op-er-a-tion (All-port 1958; Blalock 1967). The con-nec
-tiv-ity (\OT1/cmtt/m/n/9.5 initialAverageNodeDegree\OT1/ptm/m/n/9.5 )
 []

LaTeX Font Info:    Try loading font information for OMS+ptm on input line 348.

("C:\Program Files\MiKTeX 2.9\tex\latex\psnfss\omsptm.fd"
File: omsptm.fd 
)
LaTeX Font Info:    Font shape `OMS/ptm/m/n' in size <8> not available
(Font)              Font shape `OMS/cmsy/m/n' tried instead on input line 348.
 [10]
Underfull \hbox (badness 5189) in paragraph at lines 369--369
\OT1/ptm/m/n/8 the dom-i-nant strat-
 []

<figures/strategyHostExperiment1.pdf, id=60, 767.86874pt x 766.865pt>
File: figures/strategyHostExperiment1.pdf Graphic file (type pdf)

<use figures/strategyHostExperiment1.pdf>
Package pdftex.def Info: figures/strategyHostExperiment1.pdf used on input line
 372.
(pdftex.def)             Requested size: 260.25pt x 263.81982pt.

Underfull \hbox (badness 7907) in paragraph at lines 383--383
\OT1/ptm/m/n/8 within the ``green''
 []

<figures/strategyImmigrantExperiment1.pdf, id=62, 767.86874pt x 766.865pt>
File: figures/strategyImmigrantExperiment1.pdf Graphic file (type pdf)

<use figures/strategyImmigrantExperiment1.pdf>
Package pdftex.def Info: figures/strategyImmigrantExperiment1.pdf used on input
 line 386.
(pdftex.def)             Requested size: 260.25pt x 263.81982pt.
LaTeX Font Info:    Font shape `OMS/ptm/m/n' in size <9.5> not available
(Font)              Font shape `OMS/cmsy/m/n' tried instead on input line 390.

Underfull \hbox (badness 10000) in paragraph at lines 395--395
[]\OT1/ptm/b/n/8 Fig. 6|\OT1/ptm/m/n/8 Facets plot
 []


Underfull \hbox (badness 8189) in paragraph at lines 395--395
\OT1/ptm/m/n/8 de-gree (num-ber of
 []


Underfull \hbox (badness 6016) in paragraph at lines 395--395
\OT1/ptm/m/n/8 link neigh-bors) for
 []


Underfull \hbox (badness 6691) in paragraph at lines 395--395
\OT1/ptm/m/n/8 cy-cles, ob-tained in
 []

<figures/avgBlueAgentDegreeExperiment1.pdf, id=64, 692.5875pt x 691.58376pt>
File: figures/avgBlueAgentDegreeExperiment1.pdf Graphic file (type pdf)

<use figures/avgBlueAgentDegreeExperiment1.pdf>
Package pdftex.def Info: figures/avgBlueAgentDegreeExperiment1.pdf used on inpu
t line 398.
(pdftex.def)             Requested size: 260.25pt x 264.21861pt.
 [11]

LaTeX Warning: Text page 12 contains only floats.


Overfull \vbox (0.27501pt too high) has occurred while \output is active []


[12 <./figures/strategyHostExperiment1.pdf> <./figures/strategyImmigrantExperim
ent1.pdf>]
Underfull \hbox (badness 10000) in paragraph at lines 407--407
[]\OT1/ptm/b/n/8 Fig. 7|\OT1/ptm/m/n/8 Facets plot
 []


Underfull \hbox (badness 8189) in paragraph at lines 407--407
\OT1/ptm/m/n/8 de-gree (num-ber of
 []


Underfull \hbox (badness 6016) in paragraph at lines 407--407
\OT1/ptm/m/n/8 link neigh-bors) for
 []


Underfull \hbox (badness 1953) in paragraph at lines 407--407
\OT1/ptm/m/n/8 the ``green'' (mi-nor-
 []


Underfull \hbox (badness 1142) in paragraph at lines 407--407
\OT1/ptm/m/n/8 ity) pop-u-la-tion af-ter
 []


<figures/avgGreenAgentDegreeExperiment1.pdf, id=403, 692.5875pt x 691.58376pt>
File: figures/avgGreenAgentDegreeExperiment1.pdf Graphic file (type pdf)

<use figures/avgGreenAgentDegreeExperiment1.pdf>
Package pdftex.def Info: figures/avgGreenAgentDegreeExperiment1.pdf used on inp
ut line 410.
(pdftex.def)             Requested size: 260.25pt x 264.21861pt.

Underfull \hbox (badness 10000) in paragraph at lines 421--421
[]\OT1/ptm/b/n/8 Fig. 8|\OT1/ptm/m/n/8 Facets plot
 []


Underfull \hbox (badness 10000) in paragraph at lines 421--421
\OT1/ptm/m/n/8 of the per-cent-age
 []


Underfull \hbox (badness 10000) in paragraph at lines 421--421
\OT1/ptm/m/n/8 be-tween agents of
 []


Underfull \hbox (badness 10000) in paragraph at lines 421--421
\OT1/ptm/m/n/8 dif-fer-ent groups)
 []

<figures/pctMixedTiesExperiment1.pdf, id=405, 692.5875pt x 691.58376pt>
File: figures/pctMixedTiesExperiment1.pdf Graphic file (type pdf)

<use figures/pctMixedTiesExperiment1.pdf>
Package pdftex.def Info: figures/pctMixedTiesExperiment1.pdf used on input line
 424.
(pdftex.def)             Requested size: 260.25pt x 264.21861pt.
 [13 <./figures/avgBlueAgentDegreeExperiment1.pdf>]
Underfull \hbox (badness 5189) in paragraph at lines 439--439
\OT1/ptm/m/n/8 the dom-i-nant strat-
 []

<figures/strategyHostExperiment2.pdf, id=420, 767.86874pt x 766.865pt>
File: figures/strategyHostExperiment2.pdf Graphic file (type pdf)

<use figures/strategyHostExperiment2.pdf>
Package pdftex.def Info: figures/strategyHostExperiment2.pdf used on input line
 442.
(pdftex.def)             Requested size: 260.25pt x 263.81982pt.
 [14 <./figures/avgGreenAgentDegreeExperiment1.pdf>]
Underfull \hbox (badness 3219) in paragraph at lines 451--451
[]\OT1/ptm/b/n/8 Fig. 10|\OT1/ptm/m/n/8 Facets plot
 []


Underfull \hbox (badness 3229) in paragraph at lines 451--451
\OT1/ptm/m/n/8 fer-ent groups) af-ter
 []

<figures/pctMixedTiesExperiment2.pdf, id=433, 767.86874pt x 766.865pt>
File: figures/pctMixedTiesExperiment2.pdf Graphic file (type pdf)

<use figures/pctMixedTiesExperiment2.pdf>
Package pdftex.def Info: figures/pctMixedTiesExperiment2.pdf used on input line
 454.
(pdftex.def)             Requested size: 260.25pt x 263.81982pt.

Underfull \vbox (badness 10000) has occurred while \output is active []

 [15 <./figures/pctMixedTiesExperiment1.pdf>]

LaTeX Warning: Text page 16 contains only floats.


Overfull \vbox (0.27501pt too high) has occurred while \output is active []


[16 <./figures/strategyHostExperiment2.pdf> <./figures/pctMixedTiesExperiment2.
pdf>]
Underfull \hbox (badness 3219) in paragraph at lines 468--468
[]\OT1/ptm/b/n/8 Fig. 11|\OT1/ptm/m/n/8 Facets plot
 []

<figures/strategyHostExperiment3.pdf, id=631, 692.5875pt x 691.58376pt>
File: figures/strategyHostExperiment3.pdf Graphic file (type pdf)

<use figures/strategyHostExperiment3.pdf>
Package pdftex.def Info: figures/strategyHostExperiment3.pdf used on input line
 471.
(pdftex.def)             Requested size: 260.25pt x 264.21861pt.
 [17 <./figures/strategyHostExperiment3.pdf>]
Underfull \hbox (badness 3219) in paragraph at lines 486--486
[]\OT1/ptm/b/n/8 Fig. 12|\OT1/ptm/m/n/8 Facets plot
 []


Underfull \hbox (badness 3229) in paragraph at lines 486--486
\OT1/ptm/m/n/8 fer-ent groups) af-ter
 []

<figures/pctMixedTiesExperiment3.pdf, id=770, 692.5875pt x 691.58376pt>
File: figures/pctMixedTiesExperiment3.pdf Graphic file (type pdf)

<use figures/pctMixedTiesExperiment3.pdf>
Package pdftex.def Info: figures/pctMixedTiesExperiment3.pdf used on input line
 489.
(pdftex.def)             Requested size: 260.25pt x 264.21861pt.

Underfull \hbox (badness 3219) in paragraph at lines 500--500
[]\OT1/ptm/b/n/8 Fig. 13|\OT1/ptm/m/n/8 Facets plot
 []

<figures/strategyHostExperiment4.pdf, id=772, 692.5875pt x 691.58376pt>
File: figures/strategyHostExperiment4.pdf Graphic file (type pdf)

<use figures/strategyHostExperiment4.pdf>
Package pdftex.def Info: figures/strategyHostExperiment4.pdf used on input line
 503.
(pdftex.def)             Requested size: 260.25pt x 264.21861pt.
 [18 <./figures/pctMixedTiesExperiment3.pdf>]
Underfull \hbox (badness 7907) in paragraph at lines 512--512
\OT1/ptm/m/n/8 within the ``green''
 []

<figures/strategyImmigrantExperiment4.pdf, id=786, 692.5875pt x 691.58376pt>
File: figures/strategyImmigrantExperiment4.pdf Graphic file (type pdf)

<use figures/strategyImmigrantExperiment4.pdf>
Package pdftex.def Info: figures/strategyImmigrantExperiment4.pdf used on input
 line 515.
(pdftex.def)             Requested size: 260.25pt x 264.21861pt.
 [19 <./figures/strategyHostExperiment4.pdf>]
Underfull \vbox (badness 6559) has occurred while \output is active []

 [20 <./figures/strategyImmigrantExperiment4.pdf>] [21] [22] [23]
Underfull \hbox (badness 6927) in paragraph at lines 789--793
[]\OT1/ptm/m/n/8 Wilensky, U.: Net-l-ogo.  http://ccl.northwestern.edu/netlogo/
, Cen-ter for Con-nected Learn-
 []


Underfull \hbox (badness 4366) in paragraph at lines 789--793
\OT1/ptm/m/n/8 ing and Computer-Based Mod-el-ing, North-west-ern Uni-ver-sity, 
Evanston, IL (1999).  URL
 []

[24] (ABM_Ethnocentrism_Intergroup_Cooperation.aux) ) 
Here is how much of TeX's memory you used:
 5062 strings out of 493334
 71977 string characters out of 3139246
 128585 words of memory out of 3000000
 8407 multiletter control sequences out of 15000+200000
 61522 words of font info for 151 fonts, out of 3000000 for 9000
 1141 hyphenation exceptions out of 8191
 40i,16n,37p,1612b,350s stack positions out of 5000i,500n,10000p,200000b,50000s
{C:/Program Files/MiKTeX 2
.9/fonts/enc/dvips/fontname/8r.enc}{C:/Users/carlosl/AppData/Roaming/MiKTeX/2.9
/fonts/enc/dvips/newtx/ntx-ot1-tlf.enc}<C:/Program Files/MiKTeX 2.9/fonts/type1
/public/amsfonts/cm/cmsy8.pfb><C:/Program Files/MiKTeX 2.9/fonts/type1/public/a
msfonts/cm/cmsy9.pfb><C:/Program Files/MiKTeX 2.9/fonts/type1/public/amsfonts/c
m/cmtt8.pfb><C:/Program Files/MiKTeX 2.9/fonts/type1/public/amsfonts/cm/cmtt9.p
fb><C:/Users/carlosl/AppData/Roaming/MiKTeX/2.9/fonts/type1/public/tex-gyre/qtm
r.pfb><C:/Users/carlosl/AppData/Roaming/MiKTeX/2.9/fonts/type1/public/newtx/rnt
xmi.pfb><C:/Users/carlosl/AppData/Roaming/MiKTeX/2.9/fonts/type1/public/newtx/r
ntxmi5.pfb><C:/Users/carlosl/AppData/Roaming/MiKTeX/2.9/fonts/type1/public/newt
x/rntxmi7.pfb><C:/Users/carlosl/AppData/Roaming/MiKTeX/2.9/fonts/type1/public/t
xfonts/rtxmi.pfb><C:/Users/carlosl/AppData/Roaming/MiKTeX/2.9/fonts/type1/publi
c/newtx/rtxmi7.pfb><C:/Users/carlosl/AppData/Roaming/MiKTeX/2.9/fonts/type1/pub
lic/txfonts/rtxr.pfb><C:/Users/carlosl/AppData/Roaming/MiKTeX/2.9/fonts/type1/p
ublic/newtx/txexs.pfb><C:/Users/carlosl/AppData/Roaming/MiKTeX/2.9/fonts/type1/
public/newtx/txsys.pfb><C:/Program Files/MiKTeX 2.9/fonts/type1/urw/times/utmb8
a.pfb><C:/Program Files/MiKTeX 2.9/fonts/type1/urw/times/utmr8a.pfb><C:/Program
 Files/MiKTeX 2.9/fonts/type1/urw/times/utmri8a.pfb>
Output written on ABM_Ethnocentrism_Intergroup_Cooperation.pdf (24 pages, 60475
8 bytes).
PDF statistics:
 1099 PDF objects out of 1200 (max. 8388607)
 0 named destinations out of 1000 (max. 500000)
 137 words of extra memory for PDF output out of 10000 (max. 10000000)

